project/AndroidCnblogs/app/build/outputs/logs/manifest-merger-debug-report.txt
-- Merging decision tree log ---
manifest
ADDED from src\main\AndroidManifest.xml:2:1-72:12
INJECTED from src\main\AndroidManifest.xml:2:1-72:12
INJECTED from src\main\AndroidManifest.xml:2:1-72:12
INJECTED from src\main\AndroidManifest.xml:2:1-72:12
INJECTED from src\main\AndroidManifest.xml:2:1-72:12
INJECTED from src\main\AndroidManifest.xml:2:1-72:12
INJECTED from src\main\AndroidManifest.xml:2:1-72:12
	package
		ADDED from src\main\AndroidManifest.xml:3:7-36
		INJECTED from src\main\AndroidManifest.xml
		INJECTED from src\main\AndroidManifest.xml
	android:versionName
		ADDED from src\main\AndroidManifest.xml:5:7-34
		INJECTED from src\main\AndroidManifest.xml
		INJECTED from src\main\AndroidManifest.xml
	xmlns:android
		ADDED from src\main\AndroidManifest.xml:2:11-69
	android:versionCode
		ADDED from src\main\AndroidManifest.xml:4:7-30
		INJECTED from src\main\AndroidManifest.xml
		INJECTED from src\main\AndroidManifest.xml
uses-sdk
ADDED from src\main\AndroidManifest.xml:6:5-43
INJECTED from src\main\AndroidManifest.xml:6:5-43
INJECTED from src\main\AndroidManifest.xml:6:5-43
INJECTED from src\main\AndroidManifest.xml:6:5-43
INJECTED from src\main\AndroidManifest.xml:6:5-43
	android:targetSdkVersion
		INJECTED from src\main\AndroidManifest.xml
		ADDED from src\main\AndroidManifest.xml:6:5-43
		INJECTED from src\main\AndroidManifest.xml
	android:minSdkVersion
		ADDED from src\main\AndroidManifest.xml:6:15-40
		INJECTED from src\main\AndroidManifest.xml
		INJECTED from src\main\AndroidManifest.xml
uses-permission#android.permission.MOUNT_UNMOUNT_FILESYSTEMS
ADDED from src\main\AndroidManifest.xml:7:6-85
	android:name
		ADDED from src\main\AndroidManifest.xml:7:23-82
uses-permission#android.permission.WRITE_EXTERNAL_STORAGE
ADDED from src\main\AndroidManifest.xml:8:6-82
	android:name
		ADDED from src\main\AndroidManifest.xml:8:23-79
uses-permission#android.permission.ACCESS_NETWORK_STATE
ADDED from src\main\AndroidManifest.xml:9:6-80
	android:name
		ADDED from src\main\AndroidManifest.xml:9:23-77
uses-permission#android.permission.ACCESS_WIFI_STATE
ADDED from src\main\AndroidManifest.xml:10:6-77
	android:name
		ADDED from src\main\AndroidManifest.xml:10:23-74
uses-permission#android.permission.VIBRATE
ADDED from src\main\AndroidManifest.xml:11:6-67
	android:name
		ADDED from src\main\AndroidManifest.xml:11:23-64
uses-permission#android.permission.INTERNET
ADDED from src\main\AndroidManifest.xml:12:3-65
	android:name
		ADDED from src\main\AndroidManifest.xml:12:20-62
uses-permission#android.permission.READ_PHONE_STATE
ADDED from src\main\AndroidManifest.xml:14:2-72
	android:name
		ADDED from src\main\AndroidManifest.xml:14:20-70
application
ADDED from src\main\AndroidManifest.xml:16:5-71:19
	android:label
		ADDED from src\main\AndroidManifest.xml:16:48-80
	android:debuggable
		ADDED from src\main\AndroidManifest.xml:16:81-106
	android:icon
		ADDED from src\main\AndroidManifest.xml:16:18-47
	android:theme
		ADDED from src\main\AndroidManifest.xml:16:107-154
activity#com.cnblogs.android.SplashActivity
ADDED from src\main\AndroidManifest.xml:17:9-23:20
	android:label
		ADDED from src\main\AndroidManifest.xml:18:19-51
	android:configChanges
		ADDED from src\main\AndroidManifest.xml:17:118-156
	android:windowAnimationStyle
		ADDED from src\main\AndroidManifest.xml:17:19-86
	android:name
		ADDED from src\main\AndroidManifest.xml:17:87-117
intent-filter#android.intent.action.MAIN+android.intent.category.LAUNCHER
ADDED from src\main\AndroidManifest.xml:19:13-22:29
action#android.intent.action.MAIN
ADDED from src\main\AndroidManifest.xml:20:17-69
	android:name
		ADDED from src\main\AndroidManifest.xml:20:25-66
category#android.intent.category.LAUNCHER
ADDED from src\main\AndroidManifest.xml:21:17-77
	android:name
		ADDED from src\main\AndroidManifest.xml:21:27-74
activity#com.cnblogs.android.AboutActivity
ADDED from src\main\AndroidManifest.xml:25:8-32:16
	android:launchMode
		ADDED from src\main\AndroidManifest.xml:25:155-190
	android:configChanges
		ADDED from src\main\AndroidManifest.xml:25:116-154
	android:windowAnimationStyle
		ADDED from src\main\AndroidManifest.xml:25:18-85
	android:name
		ADDED from src\main\AndroidManifest.xml:25:86-115
intent-filter#android.intent.action.VIEW+android.intent.category.BROWSABLE+android.intent.category.DEFAULT
ADDED from src\main\AndroidManifest.xml:26:6-31:29
action#android.intent.action.VIEW
ADDED from src\main\AndroidManifest.xml:27:17-69
	android:name
		ADDED from src\main\AndroidManifest.xml:27:25-66
category#android.intent.category.DEFAULT
ADDED from src\main\AndroidManifest.xml:28:17-76
	android:name
		ADDED from src\main\AndroidManifest.xml:28:27-73
category#android.intent.category.BROWSABLE
ADDED from src\main\AndroidManifest.xml:29:17-78
	android:name
		ADDED from src\main\AndroidManifest.xml:29:27-75
data
ADDED from src\main\AndroidManifest.xml:30:17-77
	android:host
		ADDED from src\main\AndroidManifest.xml:30:46-74
	android:scheme
		ADDED from src\main\AndroidManifest.xml:30:23-45
activity#com.cnblogs.android.BlogActivity
ADDED from src\main\AndroidManifest.xml:33:8-147
	android:configChanges
		ADDED from src\main\AndroidManifest.xml:33:85-135
	android:theme
		ADDED from src\main\AndroidManifest.xml:33:18-55
	android:name
		ADDED from src\main\AndroidManifest.xml:33:56-84
activity#com.cnblogs.android.RssListActivity
ADDED from src\main\AndroidManifest.xml:34:5-147
	android:configChanges
		ADDED from src\main\AndroidManifest.xml:34:85-135
	android:theme
		ADDED from src\main\AndroidManifest.xml:34:15-52
	android:name
		ADDED from src\main\AndroidManifest.xml:34:53-84
activity#com.cnblogs.android.RssCateActivity
ADDED from src\main\AndroidManifest.xml:35:5-147
	android:configChanges
		ADDED from src\main\AndroidManifest.xml:35:85-135
	android:theme
		ADDED from src\main\AndroidManifest.xml:35:15-52
	android:name
		ADDED from src\main\AndroidManifest.xml:35:53-84
activity#com.cnblogs.android.MyRssActivity
ADDED from src\main\AndroidManifest.xml:36:5-145
	android:configChanges
		ADDED from src\main\AndroidManifest.xml:36:83-133
	android:theme
		ADDED from src\main\AndroidManifest.xml:36:15-52
	android:name
		ADDED from src\main\AndroidManifest.xml:36:53-82
activity#com.cnblogs.android.RssItemsActivity
ADDED from src\main\AndroidManifest.xml:37:5-148
	android:configChanges
		ADDED from src\main\AndroidManifest.xml:37:86-136
	android:theme
		ADDED from src\main\AndroidManifest.xml:37:15-52
	android:name
		ADDED from src\main\AndroidManifest.xml:37:53-85
activity#com.cnblogs.android.RssDetailActivity
ADDED from src\main\AndroidManifest.xml:38:5-179
	android:configChanges
		ADDED from src\main\AndroidManifest.xml:38:117-167
	android:windowAnimationStyle
		ADDED from src\main\AndroidManifest.xml:38:15-82
	android:name
		ADDED from src\main\AndroidManifest.xml:38:83-116
activity#com.cnblogs.android.AuthorBlogActivity
ADDED from src\main\AndroidManifest.xml:39:5-150
	android:configChanges
		ADDED from src\main\AndroidManifest.xml:39:88-138
	android:theme
		ADDED from src\main\AndroidManifest.xml:39:15-52
	android:name
		ADDED from src\main\AndroidManifest.xml:39:53-87
activity#com.cnblogs.android.NewsActivity
ADDED from src\main\AndroidManifest.xml:40:8-147
	android:configChanges
		ADDED from src\main\AndroidManifest.xml:40:85-135
	android:theme
		ADDED from src\main\AndroidManifest.xml:40:18-55
	android:name
		ADDED from src\main\AndroidManifest.xml:40:56-84
activity#com.cnblogs.android.SettingActivity
ADDED from src\main\AndroidManifest.xml:41:8-150
	android:configChanges
		ADDED from src\main\AndroidManifest.xml:41:88-138
	android:theme
		ADDED from src\main\AndroidManifest.xml:41:18-55
	android:name
		ADDED from src\main\AndroidManifest.xml:41:56-87
activity#com.cnblogs.android.BlogDetailActivity
ADDED from src\main\AndroidManifest.xml:42:8-183
	android:configChanges
		ADDED from src\main\AndroidManifest.xml:42:121-171
	android:windowAnimationStyle
		ADDED from src\main\AndroidManifest.xml:42:18-85
	android:name
		ADDED from src\main\AndroidManifest.xml:42:86-120
activity#com.cnblogs.android.NewsDetailActivity
ADDED from src\main\AndroidManifest.xml:43:8-183
	android:configChanges
		ADDED from src\main\AndroidManifest.xml:43:121-171
	android:windowAnimationStyle
		ADDED from src\main\AndroidManifest.xml:43:18-85
	android:name
		ADDED from src\main\AndroidManifest.xml:43:86-120
activity#com.cnblogs.android.CommentActivity
ADDED from src\main\AndroidManifest.xml:44:8-150
	android:configChanges
		ADDED from src\main\AndroidManifest.xml:44:88-138
	android:theme
		ADDED from src\main\AndroidManifest.xml:44:18-55
	android:name
		ADDED from src\main\AndroidManifest.xml:44:56-87
activity#com.cnblogs.android.MoreActivity
ADDED from src\main\AndroidManifest.xml:45:8-147
	android:configChanges
		ADDED from src\main\AndroidManifest.xml:45:85-135
	android:theme
		ADDED from src\main\AndroidManifest.xml:45:18-55
	android:name
		ADDED from src\main\AndroidManifest.xml:45:56-84
activity#com.cnblogs.android.MainActivity
ADDED from src\main\AndroidManifest.xml:46:5-48:69
	android:clearTaskOnLaunch
		ADDED from src\main\AndroidManifest.xml:47:75-107
	android:launchMode
		ADDED from src\main\AndroidManifest.xml:47:6-37
	android:windowSoftInputMode
		ADDED from src\main\AndroidManifest.xml:46:82-133
	android:configChanges
		ADDED from src\main\AndroidManifest.xml:48:7-57
	android:alwaysRetainTaskState
		ADDED from src\main\AndroidManifest.xml:47:38-74
	android:theme
		ADDED from src\main\AndroidManifest.xml:46:15-52
	android:name
		ADDED from src\main\AndroidManifest.xml:46:53-81
activity#com.cnblogs.android.SearchActivity
ADDED from src\main\AndroidManifest.xml:49:8-149
	android:configChanges
		ADDED from src\main\AndroidManifest.xml:49:87-137
	android:theme
		ADDED from src\main\AndroidManifest.xml:49:18-55
	android:name
		ADDED from src\main\AndroidManifest.xml:49:56-86
activity#com.cnblogs.android.WebActivity
ADDED from src\main\AndroidManifest.xml:50:5-143
	android:configChanges
		ADDED from src\main\AndroidManifest.xml:50:81-131
	android:theme
		ADDED from src\main\AndroidManifest.xml:50:15-52
	android:name
		ADDED from src\main\AndroidManifest.xml:50:53-80
activity#com.cnblogs.android.OrderActivity
ADDED from src\main\AndroidManifest.xml:52:5-145
	android:configChanges
		ADDED from src\main\AndroidManifest.xml:52:83-133
	android:theme
		ADDED from src\main\AndroidManifest.xml:52:15-52
	android:name
		ADDED from src\main\AndroidManifest.xml:52:53-82
activity#com.cnblogs.android.BlogTopViewDiggActivity
ADDED from src\main\AndroidManifest.xml:53:5-155
	android:configChanges
		ADDED from src\main\AndroidManifest.xml:53:93-143
	android:theme
		ADDED from src\main\AndroidManifest.xml:53:15-52
	android:name
		ADDED from src\main\AndroidManifest.xml:53:53-92
activity#com.cnblogs.android.AuthorOrderActivity
ADDED from src\main\AndroidManifest.xml:54:5-151
	android:configChanges
		ADDED from src\main\AndroidManifest.xml:54:89-139
	android:theme
		ADDED from src\main\AndroidManifest.xml:54:15-52
	android:name
		ADDED from src\main\AndroidManifest.xml:54:53-88
activity#com.cnblogs.android.NewsRecommendActivity
ADDED from src\main\AndroidManifest.xml:55:5-153
	android:configChanges
		ADDED from src\main\AndroidManifest.xml:55:91-141
	android:theme
		ADDED from src\main\AndroidManifest.xml:55:15-52
	android:name
		ADDED from src\main\AndroidManifest.xml:55:53-90
activity#com.cnblogs.android.MyFavActivity
ADDED from src\main\AndroidManifest.xml:56:5-145
	android:configChanges
		ADDED from src\main\AndroidManifest.xml:56:83-133
	android:theme
		ADDED from src\main\AndroidManifest.xml:56:15-52
	android:name
		ADDED from src\main\AndroidManifest.xml:56:53-82
service#com.cnblogs.android.services.UpdateService
ADDED from src\main\AndroidManifest.xml:57:5-97
	android:enabled
		ADDED from src\main\AndroidManifest.xml:57:14-36
	android:name
		ADDED from src\main\AndroidManifest.xml:57:37-94
service#com.cnblogs.android.services.DownloadServices
ADDED from src\main\AndroidManifest.xml:58:5-100
	android:enabled
		ADDED from src\main\AndroidManifest.xml:58:14-36
	android:name
		ADDED from src\main\AndroidManifest.xml:58:37-97
meta-data#UMENG_APPKEY
ADDED from src\main\AndroidManifest.xml:60:5-97
	android:value
		ADDED from src\main\AndroidManifest.xml:60:16-56
	android:name
		ADDED from src\main\AndroidManifest.xml:60:57-84
meta-data#UMENG_CHANNEL
ADDED from src\main\AndroidManifest.xml:61:5-77
	android:value
		ADDED from src\main\AndroidManifest.xml:61:16-46
	android:name
		ADDED from src\main\AndroidManifest.xml:61:47-75
activity#com.feedback.ui.SendFeedback
ADDED from src\main\AndroidManifest.xml:63:7-106
	android:windowSoftInputMode
		ADDED from src\main\AndroidManifest.xml:63:61-103
	android:name
		ADDED from src\main\AndroidManifest.xml:63:17-60
activity#com.feedback.ui.FeedbackConversations
ADDED from src\main\AndroidManifest.xml:64:5-70
	android:name
		ADDED from src\main\AndroidManifest.xml:64:15-67
activity#com.feedback.ui.FeedbackConversation
ADDED from src\main\AndroidManifest.xml:65:5-102
	android:configChanges
		ADDED from src\main\AndroidManifest.xml:65:67-99
	android:name
		ADDED from src\main\AndroidManifest.xml:65:15-66
service#com.exchange.Public.DownloadingService
ADDED from src\main\AndroidManifest.xml:66:5-67:54
	android:process
		ADDED from src\main\AndroidManifest.xml:67:6-43
	android:exported
		ADDED from src\main\AndroidManifest.xml:66:14-37
	android:name
		ADDED from src\main\AndroidManifest.xml:66:38-91
meta-data#DOMOB_PID
ADDED from src\main\AndroidManifest.xml:69:5-78
	android:value
		ADDED from src\main\AndroidManifest.xml:69:16-50
	android:name
		ADDED from src\main\AndroidManifest.xml:69:51-75
activity#cn.domob.android.ads.DomobActivity
ADDED from src\main\AndroidManifest.xml:70:5-125
	android:theme
		ADDED from src\main\AndroidManifest.xml:70:65-113
	android:name
		ADDED from src\main\AndroidManifest.xml:70:15-64